# JRE version: Java(TM) SE Runtime Environment (8.0_111-b14) (build 1.8.0_111-b14)
# Java VM: Java HotSpot(TM) 64-Bit Server VM (25.111-b14 mixed mode windows-amd64 compressed oops)
Heap:
 PSYoungGen      total 57344K, used 20161K [0x00000000eaf00000, 0x00000000efd00000, 0x0000000100000000)
  eden space 44544K, 16% used [0x00000000eaf00000,0x00000000eb630640,0x00000000eda80000)
  from space 12800K, 99% used [0x00000000eea80000,0x00000000ef6ffee0,0x00000000ef700000)
  to   space 16384K, 0% used [0x00000000eda80000,0x00000000eda80000,0x00000000eea80000)
 ParOldGen       total 61952K, used 20459K [0x00000000c0c00000, 0x00000000c4880000, 0x00000000eaf00000)
  object space 61952K, 33% used [0x00000000c0c00000,0x00000000c1ffad08,0x00000000c4880000)
 Metaspace       used 49994K, capacity 50842K, committed 51120K, reserved 1093632K
  class space    used 6269K, capacity 6799K, committed 6832K, reserved 1048576K
GC Heap History (10 events):
Event: 10.280 GC heap before
{Heap before GC invocations=12 (full 2):
 PSYoungGen      total 32256K, used 24576K [0x00000000eaf00000, 0x00000000ede00000, 0x0000000100000000)
  eden space 24576K, 100% used [0x00000000eaf00000,0x00000000ec700000,0x00000000ec700000)
  from space 7680K, 0% used [0x00000000ec700000,0x00000000ec700000,0x00000000ece80000)
  to   space 8704K, 0% used [0x00000000ed580000,0x00000000ed580000,0x00000000ede00000)
 ParOldGen       total 61952K, used 12009K [0x00000000c0c00000, 0x00000000c4880000, 0x00000000eaf00000)
  object space 61952K, 19% used [0x00000000c0c00000,0x00000000c17ba5b0,0x00000000c4880000)
 Metaspace       used 35692K, capacity 36028K, committed 36392K, reserved 1081344K
  class space    used 4596K, capacity 4700K, committed 4784K, reserved 1048576K
Event: 10.294 GC heap after
Heap after GC invocations=12 (full 2):
 PSYoungGen      total 38912K, used 6381K [0x00000000eaf00000, 0x00000000edf80000, 0x0000000100000000)
  eden space 30208K, 0% used [0x00000000eaf00000,0x00000000eaf00000,0x00000000ecc80000)
  from space 8704K, 73% used [0x00000000ed580000,0x00000000edbbb640,0x00000000ede00000)
  to   space 9216K, 0% used [0x00000000ecc80000,0x00000000ecc80000,0x00000000ed580000)
 ParOldGen       total 61952K, used 12017K [0x00000000c0c00000, 0x00000000c4880000, 0x00000000eaf00000)
  object space 61952K, 19% used [0x00000000c0c00000,0x00000000c17bc5b0,0x00000000c4880000)
 Metaspace       used 35692K, capacity 36028K, committed 36392K, reserved 1081344K
  class space    used 4596K, capacity 4700K, committed 4784K, reserved 1048576K
}
Event: 10.582 GC heap before
{Heap before GC invocations=13 (full 2):
 PSYoungGen      total 38912K, used 36589K [0x00000000eaf00000, 0x00000000edf80000, 0x0000000100000000)
  eden space 30208K, 100% used [0x00000000eaf00000,0x00000000ecc80000,0x00000000ecc80000)
  from space 8704K, 73% used [0x00000000ed580000,0x00000000edbbb640,0x00000000ede00000)
  to   space 9216K, 0% used [0x00000000ecc80000,0x00000000ecc80000,0x00000000ed580000)
 ParOldGen       total 61952K, used 12017K [0x00000000c0c00000, 0x00000000c4880000, 0x00000000eaf00000)
  object space 61952K, 19% used [0x00000000c0c00000,0x00000000c17bc5b0,0x00000000c4880000)
 Metaspace       used 35692K, capacity 36028K, committed 36392K, reserved 1081344K
  class space    used 4596K, capacity 4700K, committed 4784K, reserved 1048576K
Event: 10.592 GC heap after
Heap after GC invocations=13 (full 2):
 PSYoungGen      total 39424K, used 9204K [0x00000000eaf00000, 0x00000000eec80000, 0x0000000100000000)
  eden space 30208K, 0% used [0x00000000eaf00000,0x00000000eaf00000,0x00000000ecc80000)
  from space 9216K, 99% used [0x00000000ecc80000,0x00000000ed57d050,0x00000000ed580000)
  to   space 11776K, 0% used [0x00000000ee100000,0x00000000ee100000,0x00000000eec80000)
 ParOldGen       total 61952K, used 15641K [0x00000000c0c00000, 0x00000000c4880000, 0x00000000eaf00000)
  object space 61952K, 25% used [0x00000000c0c00000,0x00000000c1b466e0,0x00000000c4880000)
 Metaspace       used 35692K, capacity 36028K, committed 36392K, reserved 1081344K
  class space    used 4596K, capacity 4700K, committed 4784K, reserved 1048576K
}
Event: 11.368 GC heap before
{Heap before GC invocations=14 (full 2):
 PSYoungGen      total 39424K, used 39412K [0x00000000eaf00000, 0x00000000eec80000, 0x0000000100000000)
  eden space 30208K, 100% used [0x00000000eaf00000,0x00000000ecc80000,0x00000000ecc80000)
  from space 9216K, 99% used [0x00000000ecc80000,0x00000000ed57d050,0x00000000ed580000)
  to   space 11776K, 0% used [0x00000000ee100000,0x00000000ee100000,0x00000000eec80000)
 ParOldGen       total 61952K, used 15641K [0x00000000c0c00000, 0x00000000c4880000, 0x00000000eaf00000)
  object space 61952K, 25% used [0x00000000c0c00000,0x00000000c1b466e0,0x00000000c4880000)
 Metaspace       used 39117K, capacity 39430K, committed 39984K, reserved 1083392K
  class space    used 5007K, capacity 5087K, committed 5168K, reserved 1048576K
Event: 11.381 GC heap after
Heap after GC invocations=14 (full 2):
 PSYoungGen      total 50176K, used 9963K [0x00000000eaf00000, 0x00000000eee00000, 0x0000000100000000)
  eden space 38400K, 0% used [0x00000000eaf00000,0x00000000eaf00000,0x00000000ed480000)
  from space 11776K, 84% used [0x00000000ee100000,0x00000000eeabae40,0x00000000eec80000)
  to   space 12800K, 0% used [0x00000000ed480000,0x00000000ed480000,0x00000000ee100000)
 ParOldGen       total 61952K, used 15649K [0x00000000c0c00000, 0x00000000c4880000, 0x00000000eaf00000)
  object space 61952K, 25% used [0x00000000c0c00000,0x00000000c1b486e0,0x00000000c4880000)
 Metaspace       used 39117K, capacity 39430K, committed 39984K, reserved 1083392K
  class space    used 5007K, capacity 5087K, committed 5168K, reserved 1048576K
}
Event: 14.025 GC heap before
{Heap before GC invocations=15 (full 2):
 PSYoungGen      total 50176K, used 45817K [0x00000000eaf00000, 0x00000000eee00000, 0x0000000100000000)
  eden space 38400K, 93% used [0x00000000eaf00000,0x00000000ed2039b0,0x00000000ed480000)
  from space 11776K, 84% used [0x00000000ee100000,0x00000000eeabae40,0x00000000eec80000)
  to   space 12800K, 0% used [0x00000000ed480000,0x00000000ed480000,0x00000000ee100000)
 ParOldGen       total 61952K, used 15649K [0x00000000c0c00000, 0x00000000c4880000, 0x00000000eaf00000)
  object space 61952K, 25% used [0x00000000c0c00000,0x00000000c1b486e0,0x00000000c4880000)
 Metaspace       used 45361K, capacity 45832K, committed 46256K, reserved 1089536K
  class space    used 5769K, capacity 5999K, committed 6064K, reserved 1048576K
Event: 14.035 GC heap after
Heap after GC invocations=15 (full 2):
 PSYoungGen      total 51200K, used 8082K [0x00000000eaf00000, 0x00000000ef700000, 0x0000000100000000)
  eden space 38400K, 0% used [0x00000000eaf00000,0x00000000eaf00000,0x00000000ed480000)
  from space 12800K, 63% used [0x00000000ed480000,0x00000000edc649a0,0x00000000ee100000)
  to   space 12800K, 0% used [0x00000000eea80000,0x00000000eea80000,0x00000000ef700000)
 ParOldGen       total 61952K, used 15657K [0x00000000c0c00000, 0x00000000c4880000, 0x00000000eaf00000)
  object space 61952K, 25% used [0x00000000c0c00000,0x00000000c1b4a6e0,0x00000000c4880000)
 Metaspace       used 45361K, capacity 45832K, committed 46256K, reserved 1089536K
  class space    used 5769K, capacity 5999K, committed 6064K, reserved 1048576K
}
Event: 19.812 GC heap before
{Heap before GC invocations=16 (full 2):
 PSYoungGen      total 51200K, used 46482K [0x00000000eaf00000, 0x00000000ef700000, 0x0000000100000000)
  eden space 38400K, 100% used [0x00000000eaf00000,0x00000000ed480000,0x00000000ed480000)
  from space 12800K, 63% used [0x00000000ed480000,0x00000000edc649a0,0x00000000ee100000)
  to   space 12800K, 0% used [0x00000000eea80000,0x00000000eea80000,0x00000000ef700000)
 ParOldGen       total 61952K, used 15657K [0x00000000c0c00000, 0x00000000c4880000, 0x00000000eaf00000)
  object space 61952K, 25% used [0x00000000c0c00000,0x00000000c1b4a6e0,0x00000000c4880000)
 Metaspace       used 48856K, capacity 49704K, committed 49968K, reserved 1093632K
  class space    used 6156K, capacity 6696K, committed 6704K, reserved 1048576K
Event: 19.827 GC heap after
Heap after GC invocations=16 (full 2):
 PSYoungGen      total 57344K, used 12799K [0x00000000eaf00000, 0x00000000efd00000, 0x0000000100000000)
  eden space 44544K, 0% used [0x00000000eaf00000,0x00000000eaf00000,0x00000000eda80000)
  from space 12800K, 99% used [0x00000000eea80000,0x00000000ef6ffee0,0x00000000ef700000)
  to   space 16384K, 0% used [0x00000000eda80000,0x00000000eda80000,0x00000000eea80000)
 ParOldGen       total 61952K, used 20459K [0x00000000c0c00000, 0x00000000c4880000, 0x00000000eaf00000)
  object space 61952K, 33% used [0x00000000c0c00000,0x00000000c1ffad08,0x00000000c4880000)
 Metaspace       used 48856K, capacity 49704K, committed 49968K, reserved 1093632K
  class space    used 6156K, capacity 6696K, committed 6704K, reserved 1048576K
}

